<?xml version="1.0" encoding="UTF-8"?>
<testsuite name="com.ingames.FinancialServiceTest" tests="4" skipped="0" failures="0" errors="0" timestamp="2026-09-11T16:09:48" hostname="satyams-Mac-mini.local" time="0.006">
  <properties/>
  <testcase name="test initial wallet balance retrieval()" classname="com.ingames.FinancialServiceTest" time="0.002"/>
  <testcase name="test debit fails when insufficient funds()" classname="com.ingames.FinancialServiceTest" time="0.0"/>
  <testcase name="test atomic bet debit deducts deposit first()" classname="com.ingames.FinancialServiceTest" time="0.001"/>
  <testcase name="test credit winnings increases winnings balance and records ledger()" classname="com.ingames.FinancialServiceTest" time="0.0"/>
  <system-out><![CDATA[]]></system-out>
  <system-err><![CDATA[]]></system-err>
</testsuite>
